# JRE version: Java(TM) SE Runtime Environment (8.0_65-b17) (build 1.8.0_65-b17)
# Java VM: Java HotSpot(TM) 64-Bit Server VM (25.65-b01 mixed mode windows-amd64 compressed oops)
Heap:
 PSYoungGen      total 243712K, used 59222K [0x00000000eab00000, 0x00000000ff300000, 0x0000000100000000)
  eden space 171008K, 22% used [0x00000000eab00000,0x00000000ed076140,0x00000000f5200000)
  from space 72704K, 28% used [0x00000000fac00000,0x00000000fc05f9c8,0x00000000ff300000)
  to   space 82432K, 0% used [0x00000000f5200000,0x00000000f5200000,0x00000000fa280000)
 ParOldGen       total 404480K, used 176246K [0x00000000c0000000, 0x00000000d8b00000, 0x00000000eab00000)
  object space 404480K, 43% used [0x00000000c0000000,0x00000000cac1d950,0x00000000d8b00000)
 Metaspace       used 67712K, capacity 72754K, committed 72832K, reserved 1112064K
  class space    used 8919K, capacity 10349K, committed 10368K, reserved 1048576K
GC Heap History (10 events):
Event: 403.863 GC heap before
{Heap before GC invocations=26 (full 5):
 PSYoungGen      total 260096K, used 260083K [0x00000000eab00000, 0x0000000100000000, 0x0000000100000000)
  eden space 220160K, 100% used [0x00000000eab00000,0x00000000f8200000,0x00000000f8200000)
  from space 39936K, 99% used [0x00000000fd900000,0x00000000ffffcfb8,0x0000000100000000)
  to   space 64512K, 0% used [0x00000000f8200000,0x00000000f8200000,0x00000000fc100000)
 ParOldGen       total 185344K, used 135840K [0x00000000c0000000, 0x00000000cb500000, 0x00000000eab00000)
  object space 185344K, 73% used [0x00000000c0000000,0x00000000c84a8100,0x00000000cb500000)
 Metaspace       used 66931K, capacity 72032K, committed 72192K, reserved 1112064K
  class space    used 8788K, capacity 10225K, committed 10240K, reserved 1048576K
Event: 403.914 GC heap after
Heap after GC invocations=26 (full 5):
 PSYoungGen      total 284672K, used 64480K [0x00000000eab00000, 0x0000000100000000, 0x0000000100000000)
  eden space 220160K, 0% used [0x00000000eab00000,0x00000000eab00000,0x00000000f8200000)
  from space 64512K, 99% used [0x00000000f8200000,0x00000000fc0f8030,0x00000000fc100000)
  to   space 64512K, 0% used [0x00000000fc100000,0x00000000fc100000,0x0000000100000000)
 ParOldGen       total 193024K, used 191717K [0x00000000c0000000, 0x00000000cbc80000, 0x00000000eab00000)
  object space 193024K, 99% used [0x00000000c0000000,0x00000000cbb396a0,0x00000000cbc80000)
 Metaspace       used 66931K, capacity 72032K, committed 72192K, reserved 1112064K
  class space    used 8788K, capacity 10225K, committed 10240K, reserved 1048576K
}
Event: 403.914 GC heap before
{Heap before GC invocations=27 (full 6):
 PSYoungGen      total 284672K, used 64480K [0x00000000eab00000, 0x0000000100000000, 0x0000000100000000)
  eden space 220160K, 0% used [0x00000000eab00000,0x00000000eab00000,0x00000000f8200000)
  from space 64512K, 99% used [0x00000000f8200000,0x00000000fc0f8030,0x00000000fc100000)
  to   space 64512K, 0% used [0x00000000fc100000,0x00000000fc100000,0x0000000100000000)
 ParOldGen       total 193024K, used 191717K [0x00000000c0000000, 0x00000000cbc80000, 0x00000000eab00000)
  object space 193024K, 99% used [0x00000000c0000000,0x00000000cbb396a0,0x00000000cbc80000)
 Metaspace       used 66931K, capacity 72032K, committed 72192K, reserved 1112064K
  class space    used 8788K, capacity 10225K, committed 10240K, reserved 1048576K
Event: 404.134 GC heap after
Heap after GC invocations=27 (full 6):
 PSYoungGen      total 284672K, used 0K [0x00000000eab00000, 0x0000000100000000, 0x0000000100000000)
  eden space 220160K, 0% used [0x00000000eab00000,0x00000000eab00000,0x00000000f8200000)
  from space 64512K, 0% used [0x00000000f8200000,0x00000000f8200000,0x00000000fc100000)
  to   space 64512K, 0% used [0x00000000fc100000,0x00000000fc100000,0x0000000100000000)
 ParOldGen       total 404480K, used 176230K [0x00000000c0000000, 0x00000000d8b00000, 0x00000000eab00000)
  object space 404480K, 43% used [0x00000000c0000000,0x00000000cac19950,0x00000000d8b00000)
 Metaspace       used 66839K, capacity 71854K, committed 72192K, reserved 1112064K
  class space    used 8775K, capacity 10184K, committed 10240K, reserved 1048576K
}
Event: 404.445 GC heap before
{Heap before GC invocations=28 (full 6):
 PSYoungGen      total 284672K, used 220160K [0x00000000eab00000, 0x0000000100000000, 0x0000000100000000)
  eden space 220160K, 100% used [0x00000000eab00000,0x00000000f8200000,0x00000000f8200000)
  from space 64512K, 0% used [0x00000000f8200000,0x00000000f8200000,0x00000000fc100000)
  to   space 64512K, 0% used [0x00000000fc100000,0x00000000fc100000,0x0000000100000000)
 ParOldGen       total 404480K, used 176230K [0x00000000c0000000, 0x00000000d8b00000, 0x00000000eab00000)
  object space 404480K, 43% used [0x00000000c0000000,0x00000000cac19950,0x00000000d8b00000)
 Metaspace       used 66847K, capacity 71854K, committed 72192K, reserved 1112064K
  class space    used 8775K, capacity 10184K, committed 10240K, reserved 1048576K
Event: 404.465 GC heap after
Heap after GC invocations=28 (full 6):
 PSYoungGen      total 229376K, used 20416K [0x00000000eab00000, 0x0000000100000000, 0x0000000100000000)
  eden space 164864K, 0% used [0x00000000eab00000,0x00000000eab00000,0x00000000f4c00000)
  from space 64512K, 31% used [0x00000000fc100000,0x00000000fd4f0000,0x0000000100000000)
  to   space 92160K, 0% used [0x00000000f4c00000,0x00000000f4c00000,0x00000000fa600000)
 ParOldGen       total 404480K, used 176230K [0x00000000c0000000, 0x00000000d8b00000, 0x00000000eab00000)
  object space 404480K, 43% used [0x00000000c0000000,0x00000000cac19950,0x00000000d8b00000)
 Metaspace       used 66847K, capacity 71854K, committed 72192K, reserved 1112064K
  class space    used 8775K, capacity 10184K, committed 10240K, reserved 1048576K
}
Event: 405.101 GC heap before
{Heap before GC invocations=29 (full 6):
 PSYoungGen      total 229376K, used 185280K [0x00000000eab00000, 0x0000000100000000, 0x0000000100000000)
  eden space 164864K, 100% used [0x00000000eab00000,0x00000000f4c00000,0x00000000f4c00000)
  from space 64512K, 31% used [0x00000000fc100000,0x00000000fd4f0000,0x0000000100000000)
  to   space 92160K, 0% used [0x00000000f4c00000,0x00000000f4c00000,0x00000000fa600000)
 ParOldGen       total 404480K, used 176230K [0x00000000c0000000, 0x00000000d8b00000, 0x00000000eab00000)
  object space 404480K, 43% used [0x00000000c0000000,0x00000000cac19950,0x00000000d8b00000)
 Metaspace       used 67040K, capacity 71982K, committed 72192K, reserved 1112064K
  class space    used 8794K, capacity 10184K, committed 10240K, reserved 1048576K
Event: 405.124 GC heap after
Heap after GC invocations=29 (full 6):
 PSYoungGen      total 257024K, used 31328K [0x00000000eab00000, 0x0000000100000000, 0x0000000100000000)
  eden space 164864K, 0% used [0x00000000eab00000,0x00000000eab00000,0x00000000f4c00000)
  from space 92160K, 33% used [0x00000000f4c00000,0x00000000f6a98000,0x00000000fa600000)
  to   space 86016K, 0% used [0x00000000fac00000,0x00000000fac00000,0x0000000100000000)
 ParOldGen       total 404480K, used 176238K [0x00000000c0000000, 0x00000000d8b00000, 0x00000000eab00000)
  object space 404480K, 43% used [0x00000000c0000000,0x00000000cac1b950,0x00000000d8b00000)
 Metaspace       used 67040K, capacity 71982K, committed 72192K, reserved 1112064K
  class space    used 8794K, capacity 10184K, committed 10240K, reserved 1048576K
}
Event: 442.766 GC heap before
{Heap before GC invocations=30 (full 6):
 PSYoungGen      total 257024K, used 195896K [0x00000000eab00000, 0x0000000100000000, 0x0000000100000000)
  eden space 164864K, 99% used [0x00000000eab00000,0x00000000f4bb6348,0x00000000f4c00000)
  from space 92160K, 33% used [0x00000000f4c00000,0x00000000f6a98000,0x00000000fa600000)
  to   space 86016K, 0% used [0x00000000fac00000,0x00000000fac00000,0x0000000100000000)
 ParOldGen       total 404480K, used 176238K [0x00000000c0000000, 0x00000000d8b00000, 0x00000000eab00000)
  object space 404480K, 43% used [0x00000000c0000000,0x00000000cac1b950,0x00000000d8b00000)
 Metaspace       used 67647K, capacity 72628K, committed 72832K, reserved 1112064K
  class space    used 8910K, capacity 10313K, committed 10368K, reserved 1048576K
Event: 442.795 GC heap after
Heap after GC invocations=30 (full 6):
 PSYoungGen      total 243712K, used 20862K [0x00000000eab00000, 0x00000000ff300000, 0x0000000100000000)
  eden space 171008K, 0% used [0x00000000eab00000,0x00000000eab00000,0x00000000f5200000)
  from space 72704K, 28% used [0x00000000fac00000,0x00000000fc05f9c8,0x00000000ff300000)
  to   space 82432K, 0% used [0x00000000f5200000,0x00000000f5200000,0x00000000fa280000)
 ParOldGen       total 404480K, used 176246K [0x00000000c0000000, 0x00000000d8b00000, 0x00000000eab00000)
  object space 404480K, 43% used [0x00000000c0000000,0x00000000cac1d950,0x00000000d8b00000)
 Metaspace       used 67647K, capacity 72628K, committed 72832K, reserved 1112064K
  class space    used 8910K, capacity 10313K, committed 10368K, reserved 1048576K
}

