# JRE version: Java(TM) SE Runtime Environment (8.0_65-b17) (build 1.8.0_65-b17)
# Java VM: Java HotSpot(TM) 64-Bit Server VM (25.65-b01 mixed mode windows-amd64 compressed oops)
Heap:
 PSYoungGen      total 1057792K, used 740295K [0x000000076ab00000, 0x00000007c0000000, 0x00000007c0000000)
  eden space 863232K, 65% used [0x000000076ab00000,0x000000078d137a98,0x000000079f600000)
  from space 194560K, 90% used [0x00000007b4200000,0x00000007beeba518,0x00000007c0000000)
  to   space 267264K, 0% used [0x000000079f600000,0x000000079f600000,0x00000007afb00000)
 ParOldGen       total 359936K, used 359628K [0x00000006c0000000, 0x00000006d5f80000, 0x000000076ab00000)
  object space 359936K, 99% used [0x00000006c0000000,0x00000006d5f33158,0x00000006d5f80000)
 Metaspace       used 6653K, capacity 7320K, committed 7680K, reserved 1056768K
  class space    used 628K, capacity 656K, committed 768K, reserved 1048576K
GC Heap History (10 events):
Event: 2.668 GC heap before
{Heap before GC invocations=8 (full 0):
 PSYoungGen      total 577024K, used 577014K [0x000000076ab00000, 0x00000007b5b00000, 0x00000007c0000000)
  eden space 512000K, 100% used [0x000000076ab00000,0x0000000789f00000,0x0000000789f00000)
  from space 65024K, 99% used [0x0000000789f00000,0x000000078de7db28,0x000000078de80000)
  to   space 102400K, 0% used [0x00000007af700000,0x00000007af700000,0x00000007b5b00000)
 ParOldGen       total 175104K, used 109659K [0x00000006c0000000, 0x00000006cab00000, 0x000000076ab00000)
  object space 175104K, 62% used [0x00000006c0000000,0x00000006c6b16f88,0x00000006cab00000)
 Metaspace       used 6616K, capacity 7320K, committed 7680K, reserved 1056768K
  class space    used 625K, capacity 656K, committed 768K, reserved 1048576K
Event: 2.750 GC heap after
Heap after GC invocations=8 (full 0):
 PSYoungGen      total 1092608K, used 102368K [0x000000076ab00000, 0x00000007b9d00000, 0x00000007c0000000)
  eden space 990208K, 0% used [0x000000076ab00000,0x000000076ab00000,0x00000007a7200000)
  from space 102400K, 99% used [0x00000007af700000,0x00000007b5af82a0,0x00000007b5b00000)
  to   space 136192K, 0% used [0x00000007a7200000,0x00000007a7200000,0x00000007af700000)
 ParOldGen       total 175104K, used 140119K [0x00000006c0000000, 0x00000006cab00000, 0x000000076ab00000)
  object space 175104K, 80% used [0x00000006c0000000,0x00000006c88d5de0,0x00000006cab00000)
 Metaspace       used 6616K, capacity 7320K, committed 7680K, reserved 1056768K
  class space    used 625K, capacity 656K, committed 768K, reserved 1048576K
}
Event: 2.750 GC heap before
{Heap before GC invocations=9 (full 1):
 PSYoungGen      total 1092608K, used 102368K [0x000000076ab00000, 0x00000007b9d00000, 0x00000007c0000000)
  eden space 990208K, 0% used [0x000000076ab00000,0x000000076ab00000,0x00000007a7200000)
  from space 102400K, 99% used [0x00000007af700000,0x00000007b5af82a0,0x00000007b5b00000)
  to   space 136192K, 0% used [0x00000007a7200000,0x00000007a7200000,0x00000007af700000)
 ParOldGen       total 175104K, used 140119K [0x00000006c0000000, 0x00000006cab00000, 0x000000076ab00000)
  object space 175104K, 80% used [0x00000006c0000000,0x00000006c88d5de0,0x00000006cab00000)
 Metaspace       used 6616K, capacity 7320K, committed 7680K, reserved 1056768K
  class space    used 625K, capacity 656K, committed 768K, reserved 1048576K
Event: 3.424 GC heap after
Heap after GC invocations=9 (full 1):
 PSYoungGen      total 1092608K, used 58178K [0x000000076ab00000, 0x00000007b9d00000, 0x00000007c0000000)
  eden space 990208K, 0% used [0x000000076ab00000,0x000000076ab00000,0x00000007a7200000)
  from space 102400K, 56% used [0x00000007af700000,0x00000007b2fd0b68,0x00000007b5b00000)
  to   space 136192K, 0% used [0x00000007a7200000,0x00000007a7200000,0x00000007af700000)
 ParOldGen       total 336384K, used 174700K [0x00000006c0000000, 0x00000006d4880000, 0x000000076ab00000)
  object space 336384K, 51% used [0x00000006c0000000,0x00000006caa9b0c0,0x00000006d4880000)
 Metaspace       used 6616K, capacity 7320K, committed 7680K, reserved 1056768K
  class space    used 625K, capacity 656K, committed 768K, reserved 1048576K
}
Event: 4.443 GC heap before
{Heap before GC invocations=10 (full 1):
 PSYoungGen      total 1092608K, used 1048386K [0x000000076ab00000, 0x00000007b9d00000, 0x00000007c0000000)
  eden space 990208K, 100% used [0x000000076ab00000,0x00000007a7200000,0x00000007a7200000)
  from space 102400K, 56% used [0x00000007af700000,0x00000007b2fd0b68,0x00000007b5b00000)
  to   space 136192K, 0% used [0x00000007a7200000,0x00000007a7200000,0x00000007af700000)
 ParOldGen       total 336384K, used 174700K [0x00000006c0000000, 0x00000006d4880000, 0x000000076ab00000)
  object space 336384K, 51% used [0x00000006c0000000,0x00000006caa9b0c0,0x00000006d4880000)
 Metaspace       used 6637K, capacity 7320K, committed 7680K, reserved 1056768K
  class space    used 626K, capacity 656K, committed 768K, reserved 1048576K
Event: 4.573 GC heap after
Heap after GC invocations=10 (full 1):
 PSYoungGen      total 1126400K, used 136186K [0x000000076ab00000, 0x00000007c0000000, 0x00000007c0000000)
  eden space 990208K, 0% used [0x000000076ab00000,0x000000076ab00000,0x00000007a7200000)
  from space 136192K, 99% used [0x00000007a7200000,0x00000007af6fe948,0x00000007af700000)
  to   space 194560K, 0% used [0x00000007b4200000,0x00000007b4200000,0x00000007c0000000)
 ParOldGen       total 336384K, used 255545K [0x00000006c0000000, 0x00000006d4880000, 0x000000076ab00000)
  object space 336384K, 75% used [0x00000006c0000000,0x00000006cf98e5d0,0x00000006d4880000)
 Metaspace       used 6637K, capacity 7320K, committed 7680K, reserved 1056768K
  class space    used 626K, capacity 656K, committed 768K, reserved 1048576K
}
Event: 6.256 GC heap before
{Heap before GC invocations=11 (full 1):
 PSYoungGen      total 1126400K, used 1126394K [0x000000076ab00000, 0x00000007c0000000, 0x00000007c0000000)
  eden space 990208K, 100% used [0x000000076ab00000,0x00000007a7200000,0x00000007a7200000)
  from space 136192K, 99% used [0x00000007a7200000,0x00000007af6fe948,0x00000007af700000)
  to   space 194560K, 0% used [0x00000007b4200000,0x00000007b4200000,0x00000007c0000000)
 ParOldGen       total 336384K, used 255545K [0x00000006c0000000, 0x00000006d4880000, 0x000000076ab00000)
  object space 336384K, 75% used [0x00000006c0000000,0x00000006cf98e608,0x00000006d4880000)
 Metaspace       used 6653K, capacity 7320K, committed 7680K, reserved 1056768K
  class space    used 628K, capacity 656K, committed 768K, reserved 1048576K
Event: 6.400 GC heap after
Heap after GC invocations=11 (full 1):
 PSYoungGen      total 1057792K, used 194557K [0x000000076ab00000, 0x00000007c0000000, 0x00000007c0000000)
  eden space 863232K, 0% used [0x000000076ab00000,0x000000076ab00000,0x000000079f600000)
  from space 194560K, 99% used [0x00000007b4200000,0x00000007bffff770,0x00000007c0000000)
  to   space 267264K, 0% used [0x000000079f600000,0x000000079f600000,0x00000007afb00000)
 ParOldGen       total 359936K, used 359508K [0x00000006c0000000, 0x00000006d5f80000, 0x000000076ab00000)
  object space 359936K, 99% used [0x00000006c0000000,0x00000006d5f15010,0x00000006d5f80000)
 Metaspace       used 6653K, capacity 7320K, committed 7680K, reserved 1056768K
  class space    used 628K, capacity 656K, committed 768K, reserved 1048576K
}
Event: 6.400 GC heap before
{Heap before GC invocations=12 (full 2):
 PSYoungGen      total 1057792K, used 194557K [0x000000076ab00000, 0x00000007c0000000, 0x00000007c0000000)
  eden space 863232K, 0% used [0x000000076ab00000,0x000000076ab00000,0x000000079f600000)
  from space 194560K, 99% used [0x00000007b4200000,0x00000007bffff770,0x00000007c0000000)
  to   space 267264K, 0% used [0x000000079f600000,0x000000079f600000,0x00000007afb00000)
 ParOldGen       total 359936K, used 359508K [0x00000006c0000000, 0x00000006d5f80000, 0x000000076ab00000)
  object space 359936K, 99% used [0x00000006c0000000,0x00000006d5f15010,0x00000006d5f80000)
 Metaspace       used 6653K, capacity 7320K, committed 7680K, reserved 1056768K
  class space    used 628K, capacity 656K, committed 768K, reserved 1048576K
Event: 7.401 GC heap after
Heap after GC invocations=12 (full 2):
 PSYoungGen      total 1057792K, used 176873K [0x000000076ab00000, 0x00000007c0000000, 0x00000007c0000000)
  eden space 863232K, 0% used [0x000000076ab00000,0x000000076ab00000,0x000000079f600000)
  from space 194560K, 90% used [0x00000007b4200000,0x00000007beeba518,0x00000007c0000000)
  to   space 267264K, 0% used [0x000000079f600000,0x000000079f600000,0x00000007afb00000)
 ParOldGen       total 359936K, used 359628K [0x00000006c0000000, 0x00000006d5f80000, 0x000000076ab00000)
  object space 359936K, 99% used [0x00000006c0000000,0x00000006d5f33158,0x00000006d5f80000)
 Metaspace       used 6653K, capacity 7320K, committed 7680K, reserved 1056768K
  class space    used 628K, capacity 656K, committed 768K, reserved 1048576K
}

