# JRE version: Java(TM) SE Runtime Environment (8.0_65-b17) (build 1.8.0_65-b17)
# Java VM: Java HotSpot(TM) 64-Bit Server VM (25.65-b01 mixed mode windows-amd64 compressed oops)
Heap:
 PSYoungGen      total 736256K, used 736255K [0x000000076ab00000, 0x00000007a1d80000, 0x00000007c0000000)
  eden space 590848K, 100% used [0x000000076ab00000,0x000000078ec00000,0x000000078ec00000)
  from space 145408K, 99% used [0x000000078ec00000,0x00000007979ffc30,0x0000000797a00000)
  to   space 127488K, 99% used [0x0000000797a00000,0x000000079f67ff10,0x000000079f680000)
 ParOldGen       total 420864K, used 420862K [0x00000006c0000000, 0x00000006d9b00000, 0x000000076ab00000)
  object space 420864K, 99% used [0x00000006c0000000,0x00000006d9aff818,0x00000006d9b00000)
 Metaspace       used 6654K, capacity 7320K, committed 7680K, reserved 1056768K
  class space    used 627K, capacity 656K, committed 768K, reserved 1048576K
GC Heap History (10 events):
Event: 2.773 GC heap after
Heap after GC invocations=8 (full 0):
 PSYoungGen      total 567296K, used 53227K [0x000000076ab00000, 0x0000000792700000, 0x00000007c0000000)
  eden space 514048K, 0% used [0x000000076ab00000,0x000000076ab00000,0x000000078a100000)
  from space 53248K, 99% used [0x000000078df00000,0x00000007912facf0,0x0000000791300000)
  to   space 63488K, 0% used [0x000000078a100000,0x000000078a100000,0x000000078df00000)
 ParOldGen       total 190976K, used 190709K [0x00000006c0000000, 0x00000006cba80000, 0x000000076ab00000)
  object space 190976K, 99% used [0x00000006c0000000,0x00000006cba3d7e8,0x00000006cba80000)
 Metaspace       used 6621K, capacity 7320K, committed 7680K, reserved 1056768K
  class space    used 625K, capacity 656K, committed 768K, reserved 1048576K
}
Event: 2.773 GC heap before
{Heap before GC invocations=9 (full 1):
 PSYoungGen      total 567296K, used 53227K [0x000000076ab00000, 0x0000000792700000, 0x00000007c0000000)
  eden space 514048K, 0% used [0x000000076ab00000,0x000000076ab00000,0x000000078a100000)
  from space 53248K, 99% used [0x000000078df00000,0x00000007912facf0,0x0000000791300000)
  to   space 63488K, 0% used [0x000000078a100000,0x000000078a100000,0x000000078df00000)
 ParOldGen       total 190976K, used 190709K [0x00000006c0000000, 0x00000006cba80000, 0x000000076ab00000)
  object space 190976K, 99% used [0x00000006c0000000,0x00000006cba3d7e8,0x00000006cba80000)
 Metaspace       used 6621K, capacity 7320K, committed 7680K, reserved 1056768K
  class space    used 625K, capacity 656K, committed 768K, reserved 1048576K
Event: 3.470 GC heap after
Heap after GC invocations=9 (full 1):
 PSYoungGen      total 567296K, used 42749K [0x000000076ab00000, 0x0000000792700000, 0x00000007c0000000)
  eden space 514048K, 0% used [0x000000076ab00000,0x000000076ab00000,0x000000078a100000)
  from space 53248K, 80% used [0x000000078df00000,0x00000007908bf480,0x0000000791300000)
  to   space 63488K, 0% used [0x000000078a100000,0x000000078a100000,0x000000078df00000)
 ParOldGen       total 374784K, used 190742K [0x00000006c0000000, 0x00000006d6e00000, 0x000000076ab00000)
  object space 374784K, 50% used [0x00000006c0000000,0x00000006cba45858,0x00000006d6e00000)
 Metaspace       used 6621K, capacity 7320K, committed 7680K, reserved 1056768K
  class space    used 625K, capacity 656K, committed 768K, reserved 1048576K
}
Event: 3.470 GC heap before
{Heap before GC invocations=10 (full 1):
 PSYoungGen      total 567296K, used 46691K [0x000000076ab00000, 0x0000000792700000, 0x00000007c0000000)
  eden space 514048K, 0% used [0x000000076ab00000,0x000000076aed98d0,0x000000078a100000)
  from space 53248K, 80% used [0x000000078df00000,0x00000007908bf480,0x0000000791300000)
  to   space 63488K, 0% used [0x000000078a100000,0x000000078a100000,0x000000078df00000)
 ParOldGen       total 374784K, used 190742K [0x00000006c0000000, 0x00000006d6e00000, 0x000000076ab00000)
  object space 374784K, 50% used [0x00000006c0000000,0x00000006cba45858,0x00000006d6e00000)
 Metaspace       used 6621K, capacity 7320K, committed 7680K, reserved 1056768K
  class space    used 625K, capacity 656K, committed 768K, reserved 1048576K
Event: 3.510 GC heap after
Heap after GC invocations=10 (full 1):
 PSYoungGen      total 577536K, used 38400K [0x000000076ab00000, 0x000000079f680000, 0x00000007c0000000)
  eden space 514048K, 0% used [0x000000076ab00000,0x000000076ab00000,0x000000078a100000)
  from space 63488K, 60% used [0x000000078a100000,0x000000078c680000,0x000000078df00000)
  to   space 127488K, 0% used [0x0000000797a00000,0x0000000797a00000,0x000000079f680000)
 ParOldGen       total 374784K, used 195587K [0x00000006c0000000, 0x00000006d6e00000, 0x000000076ab00000)
  object space 374784K, 52% used [0x00000006c0000000,0x00000006cbf00ec8,0x00000006d6e00000)
 Metaspace       used 6621K, capacity 7320K, committed 7680K, reserved 1056768K
  class space    used 625K, capacity 656K, committed 768K, reserved 1048576K
}
Event: 4.077 GC heap before
{Heap before GC invocations=11 (full 1):
 PSYoungGen      total 577536K, used 552448K [0x000000076ab00000, 0x000000079f680000, 0x00000007c0000000)
  eden space 514048K, 100% used [0x000000076ab00000,0x000000078a100000,0x000000078a100000)
  from space 63488K, 60% used [0x000000078a100000,0x000000078c680000,0x000000078df00000)
  to   space 127488K, 0% used [0x0000000797a00000,0x0000000797a00000,0x000000079f680000)
 ParOldGen       total 374784K, used 195587K [0x00000006c0000000, 0x00000006d6e00000, 0x000000076ab00000)
  object space 374784K, 52% used [0x00000006c0000000,0x00000006cbf00ec8,0x00000006d6e00000)
 Metaspace       used 6638K, capacity 7320K, committed 7680K, reserved 1056768K
  class space    used 625K, capacity 656K, committed 768K, reserved 1048576K
Event: 4.148 GC heap after
Heap after GC invocations=11 (full 1):
 PSYoungGen      total 718336K, used 118258K [0x000000076ab00000, 0x00000007a1d80000, 0x00000007c0000000)
  eden space 590848K, 0% used [0x000000076ab00000,0x000000076ab00000,0x000000078ec00000)
  from space 127488K, 92% used [0x0000000797a00000,0x000000079ed7c858,0x000000079f680000)
  to   space 145408K, 0% used [0x000000078ec00000,0x000000078ec00000,0x0000000797a00000)
 ParOldGen       total 374784K, used 195595K [0x00000006c0000000, 0x00000006d6e00000, 0x000000076ab00000)
  object space 374784K, 52% used [0x00000006c0000000,0x00000006cbf02ec8,0x00000006d6e00000)
 Metaspace       used 6638K, capacity 7320K, committed 7680K, reserved 1056768K
  class space    used 625K, capacity 656K, committed 768K, reserved 1048576K
}
Event: 4.729 GC heap before
{Heap before GC invocations=12 (full 1):
 PSYoungGen      total 718336K, used 709106K [0x000000076ab00000, 0x00000007a1d80000, 0x00000007c0000000)
  eden space 590848K, 100% used [0x000000076ab00000,0x000000078ec00000,0x000000078ec00000)
  from space 127488K, 92% used [0x0000000797a00000,0x000000079ed7c858,0x000000079f680000)
  to   space 145408K, 0% used [0x000000078ec00000,0x000000078ec00000,0x0000000797a00000)
 ParOldGen       total 374784K, used 195595K [0x00000006c0000000, 0x00000006d6e00000, 0x000000076ab00000)
  object space 374784K, 52% used [0x00000006c0000000,0x00000006cbf02ec8,0x00000006d6e00000)
 Metaspace       used 6642K, capacity 7320K, committed 7680K, reserved 1056768K
  class space    used 625K, capacity 656K, committed 768K, reserved 1048576K
Event: 4.843 GC heap after
Heap after GC invocations=12 (full 1):
 PSYoungGen      total 736256K, used 145407K [0x000000076ab00000, 0x00000007a1d80000, 0x00000007c0000000)
  eden space 590848K, 0% used [0x000000076ab00000,0x000000076ab00000,0x000000078ec00000)
  from space 145408K, 99% used [0x000000078ec00000,0x00000007979ffc30,0x0000000797a00000)
  to   space 127488K, 0% used [0x0000000797a00000,0x0000000797a00000,0x000000079f680000)
 ParOldGen       total 374784K, used 259683K [0x00000006c0000000, 0x00000006d6e00000, 0x000000076ab00000)
  object space 374784K, 69% used [0x00000006c0000000,0x00000006cfd98ca0,0x00000006d6e00000)
 Metaspace       used 6642K, capacity 7320K, committed 7680K, reserved 1056768K
  class space    used 625K, capacity 656K, committed 768K, reserved 1048576K
}
Event: 6.083 GC heap before
{Heap before GC invocations=13 (full 1):
 PSYoungGen      total 736256K, used 736255K [0x000000076ab00000, 0x00000007a1d80000, 0x00000007c0000000)
  eden space 590848K, 100% used [0x000000076ab00000,0x000000078ec00000,0x000000078ec00000)
  from space 145408K, 99% used [0x000000078ec00000,0x00000007979ffc30,0x0000000797a00000)
  to   space 127488K, 0% used [0x0000000797a00000,0x0000000797a00000,0x000000079f680000)
 ParOldGen       total 374784K, used 259683K [0x00000006c0000000, 0x00000006d6e00000, 0x000000076ab00000)
  object space 374784K, 69% used [0x00000006c0000000,0x00000006cfd98ca0,0x00000006d6e00000)
 Metaspace       used 6654K, capacity 7320K, committed 7680K, reserved 1056768K
  class space    used 627K, capacity 656K, committed 768K, reserved 1048576K

