# JRE version: Java(TM) SE Runtime Environment (8.0_65-b17) (build 1.8.0_65-b17)
# Java VM: Java HotSpot(TM) 64-Bit Server VM (25.65-b01 mixed mode windows-amd64 compressed oops)
Heap:
 PSYoungGen      total 769024K, used 466049K [0x000000076ab00000, 0x00000007a6980000, 0x00000007c0000000)
  eden space 589824K, 79% used [0x000000076ab00000,0x00000007872204d8,0x000000078eb00000)
  from space 179200K, 0% used [0x000000078eb00000,0x000000078eb00000,0x0000000799a00000)
  to   space 157696K, 0% used [0x0000000799a00000,0x0000000799a00000,0x00000007a3400000)
 ParOldGen       total 375808K, used 375544K [0x00000006c0000000, 0x00000006d6f00000, 0x000000076ab00000)
  object space 375808K, 99% used [0x00000006c0000000,0x00000006d6ebe2c8,0x00000006d6f00000)
 Metaspace       used 6666K, capacity 7320K, committed 7680K, reserved 1056768K
  class space    used 627K, capacity 656K, committed 768K, reserved 1048576K
GC Heap History (10 events):
Event: 4.799 GC heap before
{Heap before GC invocations=10 (full 1):
 PSYoungGen      total 564224K, used 554257K [0x000000076ab00000, 0x0000000792900000, 0x00000007c0000000)
  eden space 512000K, 100% used [0x000000076ab00000,0x0000000789f00000,0x0000000789f00000)
  from space 52224K, 80% used [0x000000078de00000,0x0000000790744568,0x0000000791100000)
  to   space 64512K, 0% used [0x0000000789f00000,0x0000000789f00000,0x000000078de00000)
 ParOldGen       total 375808K, used 191347K [0x00000006c0000000, 0x00000006d6f00000, 0x000000076ab00000)
  object space 375808K, 50% used [0x00000006c0000000,0x00000006cbadcce8,0x00000006d6f00000)
 Metaspace       used 6647K, capacity 7320K, committed 7680K, reserved 1056768K
  class space    used 625K, capacity 656K, committed 768K, reserved 1048576K
Event: 4.900 GC heap after
Heap after GC invocations=10 (full 1):
 PSYoungGen      total 576512K, used 64503K [0x000000076ab00000, 0x00000007a3400000, 0x00000007c0000000)
  eden space 512000K, 0% used [0x000000076ab00000,0x000000076ab00000,0x0000000789f00000)
  from space 64512K, 99% used [0x0000000789f00000,0x000000078ddfdd58,0x000000078de00000)
  to   space 157696K, 0% used [0x0000000799a00000,0x0000000799a00000,0x00000007a3400000)
 ParOldGen       total 375808K, used 251910K [0x00000006c0000000, 0x00000006d6f00000, 0x000000076ab00000)
  object space 375808K, 67% used [0x00000006c0000000,0x00000006cf601838,0x00000006d6f00000)
 Metaspace       used 6647K, capacity 7320K, committed 7680K, reserved 1056768K
  class space    used 625K, capacity 656K, committed 768K, reserved 1048576K
}
Event: 5.556 GC heap before
{Heap before GC invocations=11 (full 1):
 PSYoungGen      total 576512K, used 576503K [0x000000076ab00000, 0x00000007a3400000, 0x00000007c0000000)
  eden space 512000K, 100% used [0x000000076ab00000,0x0000000789f00000,0x0000000789f00000)
  from space 64512K, 99% used [0x0000000789f00000,0x000000078ddfdd58,0x000000078de00000)
  to   space 157696K, 0% used [0x0000000799a00000,0x0000000799a00000,0x00000007a3400000)
 ParOldGen       total 375808K, used 251910K [0x00000006c0000000, 0x00000006d6f00000, 0x000000076ab00000)
  object space 375808K, 67% used [0x00000006c0000000,0x00000006cf601838,0x00000006d6f00000)
 Metaspace       used 6652K, capacity 7320K, committed 7680K, reserved 1056768K
  class space    used 626K, capacity 656K, committed 768K, reserved 1048576K
Event: 5.670 GC heap after
Heap after GC invocations=11 (full 1):
 PSYoungGen      total 747520K, used 142229K [0x000000076ab00000, 0x00000007a6980000, 0x00000007c0000000)
  eden space 589824K, 0% used [0x000000076ab00000,0x000000076ab00000,0x000000078eb00000)
  from space 157696K, 90% used [0x0000000799a00000,0x00000007a24e5480,0x00000007a3400000)
  to   space 179200K, 0% used [0x000000078eb00000,0x000000078eb00000,0x0000000799a00000)
 ParOldGen       total 375808K, used 258843K [0x00000006c0000000, 0x00000006d6f00000, 0x000000076ab00000)
  object space 375808K, 68% used [0x00000006c0000000,0x00000006cfcc6e28,0x00000006d6f00000)
 Metaspace       used 6652K, capacity 7320K, committed 7680K, reserved 1056768K
  class space    used 626K, capacity 656K, committed 768K, reserved 1048576K
}
Event: 6.823 GC heap before
{Heap before GC invocations=12 (full 1):
 PSYoungGen      total 747520K, used 732053K [0x000000076ab00000, 0x00000007a6980000, 0x00000007c0000000)
  eden space 589824K, 100% used [0x000000076ab00000,0x000000078eb00000,0x000000078eb00000)
  from space 157696K, 90% used [0x0000000799a00000,0x00000007a24e5480,0x00000007a3400000)
  to   space 179200K, 0% used [0x000000078eb00000,0x000000078eb00000,0x0000000799a00000)
 ParOldGen       total 375808K, used 258843K [0x00000006c0000000, 0x00000006d6f00000, 0x000000076ab00000)
  object space 375808K, 68% used [0x00000006c0000000,0x00000006cfcc6e28,0x00000006d6f00000)
 Metaspace       used 6666K, capacity 7320K, committed 7680K, reserved 1056768K
  class space    used 627K, capacity 656K, committed 768K, reserved 1048576K
Event: 6.947 GC heap after
Heap after GC invocations=12 (full 1):
 PSYoungGen      total 769024K, used 179171K [0x000000076ab00000, 0x00000007a6980000, 0x00000007c0000000)
  eden space 589824K, 0% used [0x000000076ab00000,0x000000076ab00000,0x000000078eb00000)
  from space 179200K, 99% used [0x000000078eb00000,0x00000007999f8d58,0x0000000799a00000)
  to   space 157696K, 0% used [0x0000000799a00000,0x0000000799a00000,0x00000007a3400000)
 ParOldGen       total 375808K, used 323826K [0x00000006c0000000, 0x00000006d6f00000, 0x000000076ab00000)
  object space 375808K, 86% used [0x00000006c0000000,0x00000006d3c3c8e0,0x00000006d6f00000)
 Metaspace       used 6666K, capacity 7320K, committed 7680K, reserved 1056768K
  class space    used 627K, capacity 656K, committed 768K, reserved 1048576K
}
Event: 6.947 GC heap before
{Heap before GC invocations=13 (full 2):
 PSYoungGen      total 769024K, used 179171K [0x000000076ab00000, 0x00000007a6980000, 0x00000007c0000000)
  eden space 589824K, 0% used [0x000000076ab00000,0x000000076ab00000,0x000000078eb00000)
  from space 179200K, 99% used [0x000000078eb00000,0x00000007999f8d58,0x0000000799a00000)
  to   space 157696K, 0% used [0x0000000799a00000,0x0000000799a00000,0x00000007a3400000)
 ParOldGen       total 375808K, used 323826K [0x00000006c0000000, 0x00000006d6f00000, 0x000000076ab00000)
  object space 375808K, 86% used [0x00000006c0000000,0x00000006d3c3c8e0,0x00000006d6f00000)
 Metaspace       used 6666K, capacity 7320K, committed 7680K, reserved 1056768K
  class space    used 627K, capacity 656K, committed 768K, reserved 1048576K
Event: 7.924 GC heap after
Heap after GC invocations=13 (full 2):
 PSYoungGen      total 769024K, used 118292K [0x000000076ab00000, 0x00000007a6980000, 0x00000007c0000000)
  eden space 589824K, 0% used [0x000000076ab00000,0x000000076ab00000,0x000000078eb00000)
  from space 179200K, 66% used [0x000000078eb00000,0x0000000795e85288,0x0000000799a00000)
  to   space 157696K, 0% used [0x0000000799a00000,0x0000000799a00000,0x00000007a3400000)
 ParOldGen       total 375808K, used 375665K [0x00000006c0000000, 0x00000006d6f00000, 0x000000076ab00000)
  object space 375808K, 99% used [0x00000006c0000000,0x00000006d6edc7d8,0x00000006d6f00000)
 Metaspace       used 6666K, capacity 7320K, committed 7680K, reserved 1056768K
  class space    used 627K, capacity 656K, committed 768K, reserved 1048576K
}
Event: 8.512 GC heap before
{Heap before GC invocations=14 (full 3):
 PSYoungGen      total 769024K, used 708116K [0x000000076ab00000, 0x00000007a6980000, 0x00000007c0000000)
  eden space 589824K, 100% used [0x000000076ab00000,0x000000078eb00000,0x000000078eb00000)
  from space 179200K, 66% used [0x000000078eb00000,0x0000000795e85288,0x0000000799a00000)
  to   space 157696K, 0% used [0x0000000799a00000,0x0000000799a00000,0x00000007a3400000)
 ParOldGen       total 375808K, used 375665K [0x00000006c0000000, 0x00000006d6f00000, 0x000000076ab00000)
  object space 375808K, 99% used [0x00000006c0000000,0x00000006d6edc7d8,0x00000006d6f00000)
 Metaspace       used 6666K, capacity 7320K, committed 7680K, reserved 1056768K
  class space    used 627K, capacity 656K, committed 768K, reserved 1048576K
Event: 9.247 GC heap after
Heap after GC invocations=14 (full 3):
 PSYoungGen      total 769024K, used 276949K [0x000000076ab00000, 0x00000007a6980000, 0x00000007c0000000)
  eden space 589824K, 46% used [0x000000076ab00000,0x000000077b9757e0,0x000000078eb00000)
  from space 179200K, 0% used [0x000000078eb00000,0x000000078eb00000,0x0000000799a00000)
  to   space 157696K, 0% used [0x0000000799a00000,0x0000000799a00000,0x00000007a3400000)
 ParOldGen       total 375808K, used 375544K [0x00000006c0000000, 0x00000006d6f00000, 0x000000076ab00000)
  object space 375808K, 99% used [0x00000006c0000000,0x00000006d6ebe2c8,0x00000006d6f00000)
 Metaspace       used 6666K, capacity 7320K, committed 7680K, reserved 1056768K
  class space    used 627K, capacity 656K, committed 768K, reserved 1048576K
}

