# JRE version: Java(TM) SE Runtime Environment (8.0_65-b17) (build 1.8.0_65-b17)
# Java VM: Java HotSpot(TM) 64-Bit Server VM (25.65-b01 mixed mode windows-amd64 compressed oops)
Heap:
 PSYoungGen      total 614912K, used 513024K [0x000000076ab00000, 0x00000007b5c00000, 0x00000007c0000000)
  eden space 513024K, 100% used [0x000000076ab00000,0x000000078a000000,0x000000078a000000)
  from space 101888K, 0% used [0x00000007af880000,0x00000007af880000,0x00000007b5c00000)
  to   space 65024K, 0% used [0x000000078a000000,0x000000078a000000,0x000000078df80000)
 ParOldGen       total 175104K, used 174682K [0x00000006c0000000, 0x00000006cab00000, 0x000000076ab00000)
  object space 175104K, 99% used [0x00000006c0000000,0x00000006caa96948,0x00000006cab00000)
 Metaspace       used 6660K, capacity 7320K, committed 7680K, reserved 1056768K
  class space    used 626K, capacity 656K, committed 768K, reserved 1048576K
GC Heap History (10 events):
Event: 2.432 GC heap after
Heap after GC invocations=7 (full 0):
 PSYoungGen      total 578048K, used 65004K [0x000000076ab00000, 0x00000007b5c00000, 0x00000007c0000000)
  eden space 513024K, 0% used [0x000000076ab00000,0x000000076ab00000,0x000000078a000000)
  from space 65024K, 99% used [0x000000078a000000,0x000000078df7b320,0x000000078df80000)
  to   space 101888K, 0% used [0x00000007af880000,0x00000007af880000,0x00000007b5c00000)
 ParOldGen       total 175104K, used 110444K [0x00000006c0000000, 0x00000006cab00000, 0x000000076ab00000)
  object space 175104K, 63% used [0x00000006c0000000,0x00000006c6bdb2f8,0x00000006cab00000)
 Metaspace       used 6626K, capacity 7320K, committed 7680K, reserved 1056768K
  class space    used 625K, capacity 656K, committed 768K, reserved 1048576K
}
Event: 2.904 GC heap before
{Heap before GC invocations=8 (full 0):
 PSYoungGen      total 578048K, used 578028K [0x000000076ab00000, 0x00000007b5c00000, 0x00000007c0000000)
  eden space 513024K, 100% used [0x000000076ab00000,0x000000078a000000,0x000000078a000000)
  from space 65024K, 99% used [0x000000078a000000,0x000000078df7b320,0x000000078df80000)
  to   space 101888K, 0% used [0x00000007af880000,0x00000007af880000,0x00000007b5c00000)
 ParOldGen       total 175104K, used 110444K [0x00000006c0000000, 0x00000006cab00000, 0x000000076ab00000)
  object space 175104K, 63% used [0x00000006c0000000,0x00000006c6bdb2f8,0x00000006cab00000)
 Metaspace       used 6640K, capacity 7320K, committed 7680K, reserved 1056768K
  class space    used 625K, capacity 656K, committed 768K, reserved 1048576K
Event: 2.997 GC heap after
Heap after GC invocations=8 (full 0):
 PSYoungGen      total 614912K, used 101864K [0x000000076ab00000, 0x00000007b5c00000, 0x00000007c0000000)
  eden space 513024K, 0% used [0x000000076ab00000,0x000000076ab00000,0x000000078a000000)
  from space 101888K, 99% used [0x00000007af880000,0x00000007b5bfa050,0x00000007b5c00000)
  to   space 65024K, 0% used [0x000000078a000000,0x000000078a000000,0x000000078df80000)
 ParOldGen       total 175104K, used 145210K [0x00000006c0000000, 0x00000006cab00000, 0x000000076ab00000)
  object space 175104K, 82% used [0x00000006c0000000,0x00000006c8dce9a8,0x00000006cab00000)
 Metaspace       used 6640K, capacity 7320K, committed 7680K, reserved 1056768K
  class space    used 625K, capacity 656K, committed 768K, reserved 1048576K
}
Event: 2.997 GC heap before
{Heap before GC invocations=9 (full 1):
 PSYoungGen      total 614912K, used 101864K [0x000000076ab00000, 0x00000007b5c00000, 0x00000007c0000000)
  eden space 513024K, 0% used [0x000000076ab00000,0x000000076ab00000,0x000000078a000000)
  from space 101888K, 99% used [0x00000007af880000,0x00000007b5bfa050,0x00000007b5c00000)
  to   space 65024K, 0% used [0x000000078a000000,0x000000078a000000,0x000000078df80000)
 ParOldGen       total 175104K, used 145210K [0x00000006c0000000, 0x00000006cab00000, 0x000000076ab00000)
  object space 175104K, 82% used [0x00000006c0000000,0x00000006c8dce9a8,0x00000006cab00000)
 Metaspace       used 6640K, capacity 7320K, committed 7680K, reserved 1056768K
  class space    used 625K, capacity 656K, committed 768K, reserved 1048576K
Event: 3.716 GC heap after
Heap after GC invocations=9 (full 1):
 PSYoungGen      total 614912K, used 61703K [0x000000076ab00000, 0x00000007b5c00000, 0x00000007c0000000)
  eden space 513024K, 0% used [0x000000076ab00000,0x000000076ab00000,0x000000078a000000)
  from space 101888K, 60% used [0x00000007af880000,0x00000007b34c1e10,0x00000007b5c00000)
  to   space 65024K, 0% used [0x000000078a000000,0x000000078a000000,0x000000078df80000)
 ParOldGen       total 175104K, used 174935K [0x00000006c0000000, 0x00000006cab00000, 0x000000076ab00000)
  object space 175104K, 99% used [0x00000006c0000000,0x00000006caad5f90,0x00000006cab00000)
 Metaspace       used 6640K, capacity 7320K, committed 7680K, reserved 1056768K
  class space    used 625K, capacity 656K, committed 768K, reserved 1048576K
}
Event: 4.223 GC heap before
{Heap before GC invocations=10 (full 2):
 PSYoungGen      total 614912K, used 574727K [0x000000076ab00000, 0x00000007b5c00000, 0x00000007c0000000)
  eden space 513024K, 100% used [0x000000076ab00000,0x000000078a000000,0x000000078a000000)
  from space 101888K, 60% used [0x00000007af880000,0x00000007b34c1e10,0x00000007b5c00000)
  to   space 65024K, 0% used [0x000000078a000000,0x000000078a000000,0x000000078df80000)
 ParOldGen       total 175104K, used 174935K [0x00000006c0000000, 0x00000006cab00000, 0x000000076ab00000)
  object space 175104K, 99% used [0x00000006c0000000,0x00000006caad5f90,0x00000006cab00000)
 Metaspace       used 6656K, capacity 7320K, committed 7680K, reserved 1056768K
  class space    used 625K, capacity 656K, committed 768K, reserved 1048576K
Event: 4.826 GC heap after
Heap after GC invocations=10 (full 2):
 PSYoungGen      total 614912K, used 137262K [0x000000076ab00000, 0x00000007b5c00000, 0x00000007c0000000)
  eden space 513024K, 26% used [0x000000076ab00000,0x000000077310b978,0x000000078a000000)
  from space 101888K, 0% used [0x00000007af880000,0x00000007af880000,0x00000007b5c00000)
  to   space 65024K, 0% used [0x000000078a000000,0x000000078a000000,0x000000078df80000)
 ParOldGen       total 175104K, used 174976K [0x00000006c0000000, 0x00000006cab00000, 0x000000076ab00000)
  object space 175104K, 99% used [0x00000006c0000000,0x00000006caae0110,0x00000006cab00000)
 Metaspace       used 6656K, capacity 7320K, committed 7680K, reserved 1056768K
  class space    used 625K, capacity 656K, committed 768K, reserved 1048576K
}
Event: 5.185 GC heap before
{Heap before GC invocations=11 (full 3):
 PSYoungGen      total 614912K, used 513024K [0x000000076ab00000, 0x00000007b5c00000, 0x00000007c0000000)
  eden space 513024K, 100% used [0x000000076ab00000,0x000000078a000000,0x000000078a000000)
  from space 101888K, 0% used [0x00000007af880000,0x00000007af880000,0x00000007b5c00000)
  to   space 65024K, 0% used [0x000000078a000000,0x000000078a000000,0x000000078df80000)
 ParOldGen       total 175104K, used 174976K [0x00000006c0000000, 0x00000006cab00000, 0x000000076ab00000)
  object space 175104K, 99% used [0x00000006c0000000,0x00000006caae0110,0x00000006cab00000)
 Metaspace       used 6659K, capacity 7320K, committed 7680K, reserved 1056768K
  class space    used 625K, capacity 656K, committed 768K, reserved 1048576K
Event: 5.892 GC heap after
Heap after GC invocations=11 (full 3):
 PSYoungGen      total 614912K, used 193983K [0x000000076ab00000, 0x00000007b5c00000, 0x00000007c0000000)
  eden space 513024K, 37% used [0x000000076ab00000,0x000000077686fee0,0x000000078a000000)
  from space 101888K, 0% used [0x00000007af880000,0x00000007af880000,0x00000007b5c00000)
  to   space 65024K, 0% used [0x000000078a000000,0x000000078a000000,0x000000078df80000)
 ParOldGen       total 175104K, used 174682K [0x00000006c0000000, 0x00000006cab00000, 0x000000076ab00000)
  object space 175104K, 99% used [0x00000006c0000000,0x00000006caa96948,0x00000006cab00000)
 Metaspace       used 6659K, capacity 7320K, committed 7680K, reserved 1056768K
  class space    used 625K, capacity 656K, committed 768K, reserved 1048576K
}
Event: 6.164 GC heap before
{Heap before GC invocations=12 (full 4):
 PSYoungGen      total 614912K, used 513024K [0x000000076ab00000, 0x00000007b5c00000, 0x00000007c0000000)
  eden space 513024K, 100% used [0x000000076ab00000,0x000000078a000000,0x000000078a000000)
  from space 101888K, 0% used [0x00000007af880000,0x00000007af880000,0x00000007b5c00000)
  to   space 65024K, 0% used [0x000000078a000000,0x000000078a000000,0x000000078df80000)
 ParOldGen       total 175104K, used 174682K [0x00000006c0000000, 0x00000006cab00000, 0x000000076ab00000)
  object space 175104K, 99% used [0x00000006c0000000,0x00000006caa96948,0x00000006cab00000)
 Metaspace       used 6660K, capacity 7320K, committed 7680K, reserved 1056768K
  class space    used 626K, capacity 656K, committed 768K, reserved 1048576K

