# JRE version: Java(TM) SE Runtime Environment (8.0_65-b17) (build 1.8.0_65-b17)
# Java VM: Java HotSpot(TM) 64-Bit Server VM (25.65-b01 mixed mode windows-amd64 compressed oops)
Heap:
 PSYoungGen      total 577024K, used 95560K [0x000000076ab00000, 0x00000007a2f00000, 0x00000007c0000000)
  eden space 513536K, 6% used [0x000000076ab00000,0x000000076ca52b48,0x000000078a080000)
  from space 63488K, 99% used [0x000000078a080000,0x000000078de7f760,0x000000078de80000)
  to   space 154112K, 0% used [0x0000000799880000,0x0000000799880000,0x00000007a2f00000)
 ParOldGen       total 372224K, used 245917K [0x00000006c0000000, 0x00000006d6b80000, 0x000000076ab00000)
  object space 372224K, 66% used [0x00000006c0000000,0x00000006cf0274c8,0x00000006d6b80000)
 Metaspace       used 6626K, capacity 7320K, committed 7680K, reserved 1056768K
  class space    used 625K, capacity 656K, committed 768K, reserved 1048576K
GC Heap History (10 events):
Event: 1.411 GC heap before
{Heap before GC invocations=6 (full 0):
 PSYoungGen      total 272896K, used 272867K [0x000000076ab00000, 0x0000000791200000, 0x00000007c0000000)
  eden space 262144K, 100% used [0x000000076ab00000,0x000000077ab00000,0x000000077ab00000)
  from space 10752K, 99% used [0x000000077ab00000,0x000000077b578ec8,0x000000077b580000)
  to   space 52736K, 0% used [0x000000078de80000,0x000000078de80000,0x0000000791200000)
 ParOldGen       total 175104K, used 64579K [0x00000006c0000000, 0x00000006cab00000, 0x000000076ab00000)
  object space 175104K, 36% used [0x00000006c0000000,0x00000006c3f10db0,0x00000006cab00000)
 Metaspace       used 6546K, capacity 7256K, committed 7424K, reserved 1056768K
  class space    used 624K, capacity 656K, committed 768K, reserved 1048576K
Event: 1.453 GC heap after
Heap after GC invocations=6 (full 0):
 PSYoungGen      total 566272K, used 48279K [0x000000076ab00000, 0x0000000792700000, 0x00000007c0000000)
  eden space 513536K, 0% used [0x000000076ab00000,0x000000076ab00000,0x000000078a080000)
  from space 52736K, 91% used [0x000000078de80000,0x0000000790da5f20,0x0000000791200000)
  to   space 63488K, 0% used [0x000000078a080000,0x000000078a080000,0x000000078de80000)
 ParOldGen       total 175104K, used 64587K [0x00000006c0000000, 0x00000006cab00000, 0x000000076ab00000)
  object space 175104K, 36% used [0x00000006c0000000,0x00000006c3f12db0,0x00000006cab00000)
 Metaspace       used 6546K, capacity 7256K, committed 7424K, reserved 1056768K
  class space    used 624K, capacity 656K, committed 768K, reserved 1048576K
}
Event: 1.924 GC heap before
{Heap before GC invocations=7 (full 0):
 PSYoungGen      total 566272K, used 561815K [0x000000076ab00000, 0x0000000792700000, 0x00000007c0000000)
  eden space 513536K, 100% used [0x000000076ab00000,0x000000078a080000,0x000000078a080000)
  from space 52736K, 91% used [0x000000078de80000,0x0000000790da5f20,0x0000000791200000)
  to   space 63488K, 0% used [0x000000078a080000,0x000000078a080000,0x000000078de80000)
 ParOldGen       total 175104K, used 64587K [0x00000006c0000000, 0x00000006cab00000, 0x000000076ab00000)
  object space 175104K, 36% used [0x00000006c0000000,0x00000006c3f12db0,0x00000006cab00000)
 Metaspace       used 6591K, capacity 7256K, committed 7424K, reserved 1056768K
  class space    used 624K, capacity 656K, committed 768K, reserved 1048576K
Event: 1.994 GC heap after
Heap after GC invocations=7 (full 0):
 PSYoungGen      total 577024K, used 63466K [0x000000076ab00000, 0x0000000792700000, 0x00000007c0000000)
  eden space 513536K, 0% used [0x000000076ab00000,0x000000076ab00000,0x000000078a080000)
  from space 63488K, 99% used [0x000000078a080000,0x000000078de7a9e0,0x000000078de80000)
  to   space 52736K, 0% used [0x000000078de80000,0x000000078de80000,0x0000000791200000)
 ParOldGen       total 175104K, used 102472K [0x00000006c0000000, 0x00000006cab00000, 0x000000076ab00000)
  object space 175104K, 58% used [0x00000006c0000000,0x00000006c6412268,0x00000006cab00000)
 Metaspace       used 6591K, capacity 7256K, committed 7424K, reserved 1056768K
  class space    used 624K, capacity 656K, committed 768K, reserved 1048576K
}
Event: 2.556 GC heap before
{Heap before GC invocations=8 (full 0):
 PSYoungGen      total 577024K, used 577002K [0x000000076ab00000, 0x0000000792700000, 0x00000007c0000000)
  eden space 513536K, 100% used [0x000000076ab00000,0x000000078a080000,0x000000078a080000)
  from space 63488K, 99% used [0x000000078a080000,0x000000078de7a9e0,0x000000078de80000)
  to   space 52736K, 0% used [0x000000078de80000,0x000000078de80000,0x0000000791200000)
 ParOldGen       total 175104K, used 102472K [0x00000006c0000000, 0x00000006cab00000, 0x000000076ab00000)
  object space 175104K, 58% used [0x00000006c0000000,0x00000006c6412268,0x00000006cab00000)
 Metaspace       used 6602K, capacity 7320K, committed 7680K, reserved 1056768K
  class space    used 624K, capacity 656K, committed 768K, reserved 1048576K
Event: 2.658 GC heap after
Heap after GC invocations=8 (full 0):
 PSYoungGen      total 566272K, used 52726K [0x000000076ab00000, 0x0000000792700000, 0x00000007c0000000)
  eden space 513536K, 0% used [0x000000076ab00000,0x000000076ab00000,0x000000078a080000)
  from space 52736K, 99% used [0x000000078de80000,0x00000007911fdae8,0x0000000791200000)
  to   space 63488K, 0% used [0x000000078a080000,0x000000078a080000,0x000000078de80000)
 ParOldGen       total 189440K, used 189101K [0x00000006c0000000, 0x00000006cb900000, 0x000000076ab00000)
  object space 189440K, 99% used [0x00000006c0000000,0x00000006cb8ab680,0x00000006cb900000)
 Metaspace       used 6602K, capacity 7320K, committed 7680K, reserved 1056768K
  class space    used 624K, capacity 656K, committed 768K, reserved 1048576K
}
Event: 2.658 GC heap before
{Heap before GC invocations=9 (full 1):
 PSYoungGen      total 566272K, used 52726K [0x000000076ab00000, 0x0000000792700000, 0x00000007c0000000)
  eden space 513536K, 0% used [0x000000076ab00000,0x000000076ab00000,0x000000078a080000)
  from space 52736K, 99% used [0x000000078de80000,0x00000007911fdae8,0x0000000791200000)
  to   space 63488K, 0% used [0x000000078a080000,0x000000078a080000,0x000000078de80000)
 ParOldGen       total 189440K, used 189101K [0x00000006c0000000, 0x00000006cb900000, 0x000000076ab00000)
  object space 189440K, 99% used [0x00000006c0000000,0x00000006cb8ab680,0x00000006cb900000)
 Metaspace       used 6602K, capacity 7320K, committed 7680K, reserved 1056768K
  class space    used 624K, capacity 656K, committed 768K, reserved 1048576K
Event: 3.352 GC heap after
Heap after GC invocations=9 (full 1):
 PSYoungGen      total 566272K, used 42197K [0x000000076ab00000, 0x0000000792700000, 0x00000007c0000000)
  eden space 513536K, 0% used [0x000000076ab00000,0x000000076ab00000,0x000000078a080000)
  from space 52736K, 80% used [0x000000078de80000,0x00000007907b5710,0x0000000791200000)
  to   space 63488K, 0% used [0x000000078a080000,0x000000078a080000,0x000000078de80000)
 ParOldGen       total 372224K, used 189140K [0x00000006c0000000, 0x00000006d6b80000, 0x000000076ab00000)
  object space 372224K, 50% used [0x00000006c0000000,0x00000006cb8b5280,0x00000006d6b80000)
 Metaspace       used 6602K, capacity 7320K, committed 7680K, reserved 1056768K
  class space    used 624K, capacity 656K, committed 768K, reserved 1048576K
}
Event: 3.897 GC heap before
{Heap before GC invocations=10 (full 1):
 PSYoungGen      total 566272K, used 555733K [0x000000076ab00000, 0x0000000792700000, 0x00000007c0000000)
  eden space 513536K, 100% used [0x000000076ab00000,0x000000078a080000,0x000000078a080000)
  from space 52736K, 80% used [0x000000078de80000,0x00000007907b5710,0x0000000791200000)
  to   space 63488K, 0% used [0x000000078a080000,0x000000078a080000,0x000000078de80000)
 ParOldGen       total 372224K, used 189140K [0x00000006c0000000, 0x00000006d6b80000, 0x000000076ab00000)
  object space 372224K, 50% used [0x00000006c0000000,0x00000006cb8b5280,0x00000006d6b80000)
 Metaspace       used 6622K, capacity 7320K, committed 7680K, reserved 1056768K
  class space    used 625K, capacity 656K, committed 768K, reserved 1048576K
Event: 3.989 GC heap after
Heap after GC invocations=10 (full 1):
 PSYoungGen      total 577024K, used 63485K [0x000000076ab00000, 0x00000007a2f00000, 0x00000007c0000000)
  eden space 513536K, 0% used [0x000000076ab00000,0x000000076ab00000,0x000000078a080000)
  from space 63488K, 99% used [0x000000078a080000,0x000000078de7f760,0x000000078de80000)
  to   space 154112K, 0% used [0x0000000799880000,0x0000000799880000,0x00000007a2f00000)
 ParOldGen       total 372224K, used 245917K [0x00000006c0000000, 0x00000006d6b80000, 0x000000076ab00000)
  object space 372224K, 66% used [0x00000006c0000000,0x00000006cf0274c8,0x00000006d6b80000)
 Metaspace       used 6622K, capacity 7320K, committed 7680K, reserved 1056768K
  class space    used 625K, capacity 656K, committed 768K, reserved 1048576K
}

