# JRE version: Java(TM) SE Runtime Environment (8.0_65-b17) (build 1.8.0_65-b17)
# Java VM: Java HotSpot(TM) 64-Bit Server VM (25.65-b01 mixed mode windows-amd64 compressed oops)
Heap:
 PSYoungGen      total 564736K, used 511999K [0x000000076ab00000, 0x0000000792a00000, 0x00000007c0000000)
  eden space 512000K, 99% used [0x000000076ab00000,0x0000000789efffe8,0x0000000789f00000)
  from space 52736K, 0% used [0x000000078de80000,0x000000078de80000,0x0000000791200000)
  to   space 65024K, 0% used [0x0000000789f00000,0x0000000789f00000,0x000000078de80000)
 ParOldGen       total 371712K, used 371379K [0x00000006c0000000, 0x00000006d6b00000, 0x000000076ab00000)
  object space 371712K, 99% used [0x00000006c0000000,0x00000006d6aacf08,0x00000006d6b00000)
 Metaspace       used 6793K, capacity 7448K, committed 7680K, reserved 1056768K
  class space    used 633K, capacity 656K, committed 768K, reserved 1048576K
GC Heap History (10 events):
Event: 287.741 GC heap after
Heap after GC invocations=468 (full 458):
 PSYoungGen      total 564736K, used 511999K [0x000000076ab00000, 0x0000000792a00000, 0x00000007c0000000)
  eden space 512000K, 99% used [0x000000076ab00000,0x0000000789efff88,0x0000000789f00000)
  from space 52736K, 0% used [0x000000078de80000,0x000000078de80000,0x0000000791200000)
  to   space 65024K, 0% used [0x0000000789f00000,0x0000000789f00000,0x000000078de80000)
 ParOldGen       total 371712K, used 371378K [0x00000006c0000000, 0x00000006d6b00000, 0x000000076ab00000)
  object space 371712K, 99% used [0x00000006c0000000,0x00000006d6aac848,0x00000006d6b00000)
 Metaspace       used 6793K, capacity 7448K, committed 7680K, reserved 1056768K
  class space    used 633K, capacity 656K, committed 768K, reserved 1048576K
}
Event: 287.741 GC heap before
{Heap before GC invocations=469 (full 459):
 PSYoungGen      total 564736K, used 512000K [0x000000076ab00000, 0x0000000792a00000, 0x00000007c0000000)
  eden space 512000K, 100% used [0x000000076ab00000,0x0000000789f00000,0x0000000789f00000)
  from space 52736K, 0% used [0x000000078de80000,0x000000078de80000,0x0000000791200000)
  to   space 65024K, 0% used [0x0000000789f00000,0x0000000789f00000,0x000000078de80000)
 ParOldGen       total 371712K, used 371378K [0x00000006c0000000, 0x00000006d6b00000, 0x000000076ab00000)
  object space 371712K, 99% used [0x00000006c0000000,0x00000006d6aac848,0x00000006d6b00000)
 Metaspace       used 6793K, capacity 7448K, committed 7680K, reserved 1056768K
  class space    used 633K, capacity 656K, committed 768K, reserved 1048576K
Event: 288.439 GC heap after
Heap after GC invocations=469 (full 459):
 PSYoungGen      total 564736K, used 511999K [0x000000076ab00000, 0x0000000792a00000, 0x00000007c0000000)
  eden space 512000K, 99% used [0x000000076ab00000,0x0000000789effff0,0x0000000789f00000)
  from space 52736K, 0% used [0x000000078de80000,0x000000078de80000,0x0000000791200000)
  to   space 65024K, 0% used [0x0000000789f00000,0x0000000789f00000,0x000000078de80000)
 ParOldGen       total 371712K, used 371378K [0x00000006c0000000, 0x00000006d6b00000, 0x000000076ab00000)
  object space 371712K, 99% used [0x00000006c0000000,0x00000006d6aac848,0x00000006d6b00000)
 Metaspace       used 6793K, capacity 7448K, committed 7680K, reserved 1056768K
  class space    used 633K, capacity 656K, committed 768K, reserved 1048576K
}
Event: 288.439 GC heap before
{Heap before GC invocations=470 (full 460):
 PSYoungGen      total 564736K, used 512000K [0x000000076ab00000, 0x0000000792a00000, 0x00000007c0000000)
  eden space 512000K, 100% used [0x000000076ab00000,0x0000000789f00000,0x0000000789f00000)
  from space 52736K, 0% used [0x000000078de80000,0x000000078de80000,0x0000000791200000)
  to   space 65024K, 0% used [0x0000000789f00000,0x0000000789f00000,0x000000078de80000)
 ParOldGen       total 371712K, used 371379K [0x00000006c0000000, 0x00000006d6b00000, 0x000000076ab00000)
  object space 371712K, 99% used [0x00000006c0000000,0x00000006d6aacf38,0x00000006d6b00000)
 Metaspace       used 6793K, capacity 7448K, committed 7680K, reserved 1056768K
  class space    used 633K, capacity 656K, committed 768K, reserved 1048576K
Event: 289.136 GC heap after
Heap after GC invocations=470 (full 460):
 PSYoungGen      total 564736K, used 511999K [0x000000076ab00000, 0x0000000792a00000, 0x00000007c0000000)
  eden space 512000K, 99% used [0x000000076ab00000,0x0000000789effff0,0x0000000789f00000)
  from space 52736K, 0% used [0x000000078de80000,0x000000078de80000,0x0000000791200000)
  to   space 65024K, 0% used [0x0000000789f00000,0x0000000789f00000,0x000000078de80000)
 ParOldGen       total 371712K, used 371378K [0x00000006c0000000, 0x00000006d6b00000, 0x000000076ab00000)
  object space 371712K, 99% used [0x00000006c0000000,0x00000006d6aacaf8,0x00000006d6b00000)
 Metaspace       used 6793K, capacity 7448K, committed 7680K, reserved 1056768K
  class space    used 633K, capacity 656K, committed 768K, reserved 1048576K
}
Event: 289.136 GC heap before
{Heap before GC invocations=471 (full 461):
 PSYoungGen      total 564736K, used 512000K [0x000000076ab00000, 0x0000000792a00000, 0x00000007c0000000)
  eden space 512000K, 100% used [0x000000076ab00000,0x0000000789f00000,0x0000000789f00000)
  from space 52736K, 0% used [0x000000078de80000,0x000000078de80000,0x0000000791200000)
  to   space 65024K, 0% used [0x0000000789f00000,0x0000000789f00000,0x000000078de80000)
 ParOldGen       total 371712K, used 371380K [0x00000006c0000000, 0x00000006d6b00000, 0x000000076ab00000)
  object space 371712K, 99% used [0x00000006c0000000,0x00000006d6aad250,0x00000006d6b00000)
 Metaspace       used 6793K, capacity 7448K, committed 7680K, reserved 1056768K
  class space    used 633K, capacity 656K, committed 768K, reserved 1048576K
Event: 289.895 GC heap after
Heap after GC invocations=471 (full 461):
 PSYoungGen      total 564736K, used 511999K [0x000000076ab00000, 0x0000000792a00000, 0x00000007c0000000)
  eden space 512000K, 99% used [0x000000076ab00000,0x0000000789efff78,0x0000000789f00000)
  from space 52736K, 0% used [0x000000078de80000,0x000000078de80000,0x0000000791200000)
  to   space 65024K, 0% used [0x0000000789f00000,0x0000000789f00000,0x000000078de80000)
 ParOldGen       total 371712K, used 371379K [0x00000006c0000000, 0x00000006d6b00000, 0x000000076ab00000)
  object space 371712K, 99% used [0x00000006c0000000,0x00000006d6aacf08,0x00000006d6b00000)
 Metaspace       used 6793K, capacity 7448K, committed 7680K, reserved 1056768K
  class space    used 633K, capacity 656K, committed 768K, reserved 1048576K
}
Event: 289.895 GC heap before
{Heap before GC invocations=472 (full 462):
 PSYoungGen      total 564736K, used 512000K [0x000000076ab00000, 0x0000000792a00000, 0x00000007c0000000)
  eden space 512000K, 100% used [0x000000076ab00000,0x0000000789f00000,0x0000000789f00000)
  from space 52736K, 0% used [0x000000078de80000,0x000000078de80000,0x0000000791200000)
  to   space 65024K, 0% used [0x0000000789f00000,0x0000000789f00000,0x000000078de80000)
 ParOldGen       total 371712K, used 371379K [0x00000006c0000000, 0x00000006d6b00000, 0x000000076ab00000)
  object space 371712K, 99% used [0x00000006c0000000,0x00000006d6aacf08,0x00000006d6b00000)
 Metaspace       used 6793K, capacity 7448K, committed 7680K, reserved 1056768K
  class space    used 633K, capacity 656K, committed 768K, reserved 1048576K
Event: 290.599 GC heap after
Heap after GC invocations=472 (full 462):
 PSYoungGen      total 564736K, used 511999K [0x000000076ab00000, 0x0000000792a00000, 0x00000007c0000000)
  eden space 512000K, 99% used [0x000000076ab00000,0x0000000789efffb0,0x0000000789f00000)
  from space 52736K, 0% used [0x000000078de80000,0x000000078de80000,0x0000000791200000)
  to   space 65024K, 0% used [0x0000000789f00000,0x0000000789f00000,0x000000078de80000)
 ParOldGen       total 371712K, used 371379K [0x00000006c0000000, 0x00000006d6b00000, 0x000000076ab00000)
  object space 371712K, 99% used [0x00000006c0000000,0x00000006d6aacf08,0x00000006d6b00000)
 Metaspace       used 6793K, capacity 7448K, committed 7680K, reserved 1056768K
  class space    used 633K, capacity 656K, committed 768K, reserved 1048576K
}
Event: 290.599 GC heap before
{Heap before GC invocations=473 (full 463):
 PSYoungGen      total 564736K, used 511999K [0x000000076ab00000, 0x0000000792a00000, 0x00000007c0000000)
  eden space 512000K, 99% used [0x000000076ab00000,0x0000000789efffe8,0x0000000789f00000)
  from space 52736K, 0% used [0x000000078de80000,0x000000078de80000,0x0000000791200000)
  to   space 65024K, 0% used [0x0000000789f00000,0x0000000789f00000,0x000000078de80000)
 ParOldGen       total 371712K, used 371379K [0x00000006c0000000, 0x00000006d6b00000, 0x000000076ab00000)
  object space 371712K, 99% used [0x00000006c0000000,0x00000006d6aacf08,0x00000006d6b00000)
 Metaspace       used 6793K, capacity 7448K, committed 7680K, reserved 1056768K
  class space    used 633K, capacity 656K, committed 768K, reserved 1048576K

