# JRE version: Java(TM) SE Runtime Environment (8.0_65-b17) (build 1.8.0_65-b17)
# Java VM: Java HotSpot(TM) 64-Bit Server VM (25.65-b01 mixed mode windows-amd64 compressed oops)
Heap:
 PSYoungGen      total 272896K, used 180624K [0x000000076ab00000, 0x0000000791300000, 0x00000007c0000000)
  eden space 262144K, 68% used [0x000000076ab00000,0x0000000775b643c0,0x000000077ab00000)
  from space 10752K, 0% used [0x000000077ab00000,0x000000077ab00000,0x000000077b580000)
  to   space 53248K, 0% used [0x000000078df00000,0x000000078df00000,0x0000000791300000)
 ParOldGen       total 175104K, used 174820K [0x00000006c0000000, 0x00000006cab00000, 0x000000076ab00000)
  object space 175104K, 99% used [0x00000006c0000000,0x00000006caab9308,0x00000006cab00000)
 Metaspace       used 6642K, capacity 7320K, committed 7680K, reserved 1056768K
  class space    used 626K, capacity 656K, committed 768K, reserved 1048576K
GC Heap History (10 events):
Event: 5.636 GC heap before
{Heap before GC invocations=12 (full 5):
 PSYoungGen      total 272896K, used 262144K [0x000000076ab00000, 0x0000000791300000, 0x00000007c0000000)
  eden space 262144K, 100% used [0x000000076ab00000,0x000000077ab00000,0x000000077ab00000)
  from space 10752K, 0% used [0x000000077ab00000,0x000000077ab00000,0x000000077b580000)
  to   space 53248K, 0% used [0x000000078df00000,0x000000078df00000,0x0000000791300000)
 ParOldGen       total 175104K, used 175032K [0x00000006c0000000, 0x00000006cab00000, 0x000000076ab00000)
  object space 175104K, 99% used [0x00000006c0000000,0x00000006caaee100,0x00000006cab00000)
 Metaspace       used 6626K, capacity 7320K, committed 7680K, reserved 1056768K
  class space    used 625K, capacity 656K, committed 768K, reserved 1048576K
Event: 6.582 GC heap after
Heap after GC invocations=12 (full 5):
 PSYoungGen      total 272896K, used 87990K [0x000000076ab00000, 0x0000000791300000, 0x00000007c0000000)
  eden space 262144K, 33% used [0x000000076ab00000,0x00000007700ed9d8,0x000000077ab00000)
  from space 10752K, 0% used [0x000000077ab00000,0x000000077ab00000,0x000000077b580000)
  to   space 53248K, 0% used [0x000000078df00000,0x000000078df00000,0x0000000791300000)
 ParOldGen       total 175104K, used 174900K [0x00000006c0000000, 0x00000006cab00000, 0x000000076ab00000)
  object space 175104K, 99% used [0x00000006c0000000,0x00000006caacd3a0,0x00000006cab00000)
 Metaspace       used 6626K, capacity 7320K, committed 7680K, reserved 1056768K
  class space    used 625K, capacity 656K, committed 768K, reserved 1048576K
}
Event: 6.772 GC heap before
{Heap before GC invocations=13 (full 6):
 PSYoungGen      total 272896K, used 262144K [0x000000076ab00000, 0x0000000791300000, 0x00000007c0000000)
  eden space 262144K, 100% used [0x000000076ab00000,0x000000077ab00000,0x000000077ab00000)
  from space 10752K, 0% used [0x000000077ab00000,0x000000077ab00000,0x000000077b580000)
  to   space 53248K, 0% used [0x000000078df00000,0x000000078df00000,0x0000000791300000)
 ParOldGen       total 175104K, used 174900K [0x00000006c0000000, 0x00000006cab00000, 0x000000076ab00000)
  object space 175104K, 99% used [0x00000006c0000000,0x00000006caacd3a0,0x00000006cab00000)
 Metaspace       used 6638K, capacity 7320K, committed 7680K, reserved 1056768K
  class space    used 626K, capacity 656K, committed 768K, reserved 1048576K
Event: 7.417 GC heap after
Heap after GC invocations=13 (full 6):
 PSYoungGen      total 272896K, used 113230K [0x000000076ab00000, 0x0000000791300000, 0x00000007c0000000)
  eden space 262144K, 43% used [0x000000076ab00000,0x00000007719939a8,0x000000077ab00000)
  from space 10752K, 0% used [0x000000077ab00000,0x000000077ab00000,0x000000077b580000)
  to   space 53248K, 0% used [0x000000078df00000,0x000000078df00000,0x0000000791300000)
 ParOldGen       total 175104K, used 174899K [0x00000006c0000000, 0x00000006cab00000, 0x000000076ab00000)
  object space 175104K, 99% used [0x00000006c0000000,0x00000006caacce00,0x00000006cab00000)
 Metaspace       used 6638K, capacity 7320K, committed 7680K, reserved 1056768K
  class space    used 626K, capacity 656K, committed 768K, reserved 1048576K
}
Event: 7.574 GC heap before
{Heap before GC invocations=14 (full 7):
 PSYoungGen      total 272896K, used 262144K [0x000000076ab00000, 0x0000000791300000, 0x00000007c0000000)
  eden space 262144K, 100% used [0x000000076ab00000,0x000000077ab00000,0x000000077ab00000)
  from space 10752K, 0% used [0x000000077ab00000,0x000000077ab00000,0x000000077b580000)
  to   space 53248K, 0% used [0x000000078df00000,0x000000078df00000,0x0000000791300000)
 ParOldGen       total 175104K, used 174899K [0x00000006c0000000, 0x00000006cab00000, 0x000000076ab00000)
  object space 175104K, 99% used [0x00000006c0000000,0x00000006caacce00,0x00000006cab00000)
 Metaspace       used 6640K, capacity 7320K, committed 7680K, reserved 1056768K
  class space    used 626K, capacity 656K, committed 768K, reserved 1048576K
Event: 8.544 GC heap after
Heap after GC invocations=14 (full 7):
 PSYoungGen      total 272896K, used 138056K [0x000000076ab00000, 0x0000000791300000, 0x00000007c0000000)
  eden space 262144K, 52% used [0x000000076ab00000,0x00000007731d21c8,0x000000077ab00000)
  from space 10752K, 0% used [0x000000077ab00000,0x000000077ab00000,0x000000077b580000)
  to   space 53248K, 0% used [0x000000078df00000,0x000000078df00000,0x0000000791300000)
 ParOldGen       total 175104K, used 174831K [0x00000006c0000000, 0x00000006cab00000, 0x000000076ab00000)
  object space 175104K, 99% used [0x00000006c0000000,0x00000006caabbc18,0x00000006cab00000)
 Metaspace       used 6640K, capacity 7320K, committed 7680K, reserved 1056768K
  class space    used 626K, capacity 656K, committed 768K, reserved 1048576K
}
Event: 8.650 GC heap before
{Heap before GC invocations=15 (full 8):
 PSYoungGen      total 272896K, used 262144K [0x000000076ab00000, 0x0000000791300000, 0x00000007c0000000)
  eden space 262144K, 100% used [0x000000076ab00000,0x000000077ab00000,0x000000077ab00000)
  from space 10752K, 0% used [0x000000077ab00000,0x000000077ab00000,0x000000077b580000)
  to   space 53248K, 0% used [0x000000078df00000,0x000000078df00000,0x0000000791300000)
 ParOldGen       total 175104K, used 174831K [0x00000006c0000000, 0x00000006cab00000, 0x000000076ab00000)
  object space 175104K, 99% used [0x00000006c0000000,0x00000006caabbc18,0x00000006cab00000)
 Metaspace       used 6641K, capacity 7320K, committed 7680K, reserved 1056768K
  class space    used 626K, capacity 656K, committed 768K, reserved 1048576K
Event: 9.560 GC heap after
Heap after GC invocations=15 (full 8):
 PSYoungGen      total 272896K, used 155899K [0x000000076ab00000, 0x0000000791300000, 0x00000007c0000000)
  eden space 262144K, 59% used [0x000000076ab00000,0x000000077433eef0,0x000000077ab00000)
  from space 10752K, 0% used [0x000000077ab00000,0x000000077ab00000,0x000000077b580000)
  to   space 53248K, 0% used [0x000000078df00000,0x000000078df00000,0x0000000791300000)
 ParOldGen       total 175104K, used 174822K [0x00000006c0000000, 0x00000006cab00000, 0x000000076ab00000)
  object space 175104K, 99% used [0x00000006c0000000,0x00000006caab9828,0x00000006cab00000)
 Metaspace       used 6641K, capacity 7320K, committed 7680K, reserved 1056768K
  class space    used 626K, capacity 656K, committed 768K, reserved 1048576K
}
Event: 9.704 GC heap before
{Heap before GC invocations=16 (full 9):
 PSYoungGen      total 272896K, used 262144K [0x000000076ab00000, 0x0000000791300000, 0x00000007c0000000)
  eden space 262144K, 100% used [0x000000076ab00000,0x000000077ab00000,0x000000077ab00000)
  from space 10752K, 0% used [0x000000077ab00000,0x000000077ab00000,0x000000077b580000)
  to   space 53248K, 0% used [0x000000078df00000,0x000000078df00000,0x0000000791300000)
 ParOldGen       total 175104K, used 174822K [0x00000006c0000000, 0x00000006cab00000, 0x000000076ab00000)
  object space 175104K, 99% used [0x00000006c0000000,0x00000006caab9828,0x00000006cab00000)
 Metaspace       used 6642K, capacity 7320K, committed 7680K, reserved 1056768K
  class space    used 626K, capacity 656K, committed 768K, reserved 1048576K
Event: 10.664 GC heap after
Heap after GC invocations=16 (full 9):
 PSYoungGen      total 272896K, used 172906K [0x000000076ab00000, 0x0000000791300000, 0x00000007c0000000)
  eden space 262144K, 65% used [0x000000076ab00000,0x00000007753da9f8,0x000000077ab00000)
  from space 10752K, 0% used [0x000000077ab00000,0x000000077ab00000,0x000000077b580000)
  to   space 53248K, 0% used [0x000000078df00000,0x000000078df00000,0x0000000791300000)
 ParOldGen       total 175104K, used 174820K [0x00000006c0000000, 0x00000006cab00000, 0x000000076ab00000)
  object space 175104K, 99% used [0x00000006c0000000,0x00000006caab9308,0x00000006cab00000)
 Metaspace       used 6642K, capacity 7320K, committed 7680K, reserved 1056768K
  class space    used 626K, capacity 656K, committed 768K, reserved 1048576K
}

